Log file opened on Tue Nov 28 14:56:26 2017
Host: ishikawa  pid: 7582  rank ID: 0  number of ranks:  1
                    :-) GROMACS - gmx mdrun, VERSION 5.1 (-:

                            GROMACS is written by:
     Emile Apol      Rossen Apostolov  Herman J.C. Berendsen    Par Bjelkmar   
 Aldert van Buuren   Rudi van Drunen     Anton Feenstra   Sebastian Fritsch 
  Gerrit Groenhof   Christoph Junghans   Anca Hamuraru    Vincent Hindriksen
 Dimitrios Karkoulis    Peter Kasson        Jiri Kraus      Carsten Kutzner  
    Per Larsson      Justin A. Lemkul   Magnus Lundborg   Pieter Meulenhoff 
   Erik Marklund      Teemu Murtola       Szilard Pall       Sander Pronk   
   Roland Schulz     Alexey Shvetsov     Michael Shirts     Alfons Sijbers  
   Peter Tieleman    Teemu Virolainen  Christian Wennberg    Maarten Wolf   
                           and the project leaders:
        Mark Abraham, Berk Hess, Erik Lindahl, and David van der Spoel

Copyright (c) 1991-2000, University of Groningen, The Netherlands.
Copyright (c) 2001-2015, The GROMACS development team at
Uppsala University, Stockholm University and
the Royal Institute of Technology, Sweden.
check out http://www.gromacs.org for more information.

GROMACS is free software; you can redistribute it and/or modify it
under the terms of the GNU Lesser General Public License
as published by the Free Software Foundation; either version 2.1
of the License, or (at your option) any later version.

GROMACS:      gmx mdrun, VERSION 5.1
Executable:   /home/joan/local/gromacs5.1_mpi-plumed2/bin/gmx_mpi
Data prefix:  /home/joan/local/gromacs5.1_mpi-plumed2
Command line:
  gmx mdrun -deffnm npt -plumed plumed.dat -v

GROMACS version:    VERSION 5.1
Precision:          single
Memory model:       64 bit
MPI library:        MPI
OpenMP support:     enabled (GMX_OPENMP_MAX_THREADS = 32)
GPU support:        disabled
OpenCL support:     disabled
invsqrt routine:    gmx_software_invsqrt(x)
SIMD instructions:  AVX2_256
FFT library:        fftw-3.3.4-sse2-avx
RDTSCP usage:       enabled
C++11 compilation:  enabled
TNG support:        enabled
Tracing support:    disabled
Built on:           Mon Jan 16 17:41:58 GMT 2017
Built by:           root@ishikawa [CMAKE]
Build OS/arch:      Linux 4.4.0-53-generic x86_64
Build CPU vendor:   GenuineIntel
Build CPU brand:    Intel(R) Xeon(R) CPU E3-1270 v3 @ 3.50GHz
Build CPU family:   6   Model: 60   Stepping: 3
Build CPU features: aes apic avx avx2 clfsh cmov cx8 cx16 f16c fma htt lahf_lm mmx msr nonstop_tsc pcid pclmuldq pdcm pdpe1gb popcnt pse rdrnd rdtscp sse2 sse3 sse4.1 sse4.2 ssse3 tdt x2apic
C compiler:         /usr/bin/cc GNU 4.8.4
C compiler flags:    -march=core-avx2    -Wundef -Wextra -Wno-missing-field-initializers -Wno-sign-compare -Wpointer-arith -Wall -Wno-unused -Wunused-value -Wunused-parameter  -O3 -DNDEBUG -funroll-all-loops -fexcess-precision=fast  -Wno-array-bounds 
C++ compiler:       /usr/bin/c++ GNU 4.8.4
C++ compiler flags:  -march=core-avx2   -std=c++0x  -Wundef -Wextra -Wno-missing-field-initializers -Wpointer-arith -Wall -Wno-unused-function  -O3 -DNDEBUG -funroll-all-loops -fexcess-precision=fast  -Wno-array-bounds 
Boost version:      1.55.0 (internal)


Running on 1 node with total 4 cores, 8 logical cores
Hardware detected on host ishikawa (the node of MPI rank 0):
  CPU info:
    Vendor: GenuineIntel
    Brand:  Intel(R) Xeon(R) CPU E3-1270 v3 @ 3.50GHz
    Family:  6  model: 60  stepping:  3
    CPU features: aes apic avx avx2 clfsh cmov cx8 cx16 f16c fma htt lahf_lm mmx msr nonstop_tsc pcid pclmuldq pdcm pdpe1gb popcnt pse rdrnd rdtscp sse2 sse3 sse4.1 sse4.2 ssse3 tdt x2apic
    SIMD instructions most likely to fit this hardware: AVX2_256
    SIMD instructions selected at GROMACS compile time: AVX2_256


++++ PLEASE READ AND CITE THE FOLLOWING REFERENCE ++++
S. Páll, M. J. Abraham, C. Kutzner, B. Hess, E. Lindahl
Tackling Exascale Software Challenges in Molecular Dynamics Simulations with
GROMACS
In S. Markidis & E. Laure (Eds.), Solving Software Challenges for Exascale 8759 (2015) pp. 3-27
-------- -------- --- Thank You --- -------- --------


++++ PLEASE READ AND CITE THE FOLLOWING REFERENCE ++++
S. Pronk, S. Páll, R. Schulz, P. Larsson, P. Bjelkmar, R. Apostolov, M. R.
Shirts, J. C. Smith, P. M. Kasson, D. van der Spoel, B. Hess, and E. Lindahl
GROMACS 4.5: a high-throughput and highly parallel open source molecular
simulation toolkit
Bioinformatics 29 (2013) pp. 845-54
-------- -------- --- Thank You --- -------- --------


++++ PLEASE READ AND CITE THE FOLLOWING REFERENCE ++++
B. Hess and C. Kutzner and D. van der Spoel and E. Lindahl
GROMACS 4: Algorithms for highly efficient, load-balanced, and scalable
molecular simulation
J. Chem. Theory Comput. 4 (2008) pp. 435-447
-------- -------- --- Thank You --- -------- --------


++++ PLEASE READ AND CITE THE FOLLOWING REFERENCE ++++
D. van der Spoel, E. Lindahl, B. Hess, G. Groenhof, A. E. Mark and H. J. C.
Berendsen
GROMACS: Fast, Flexible and Free
J. Comp. Chem. 26 (2005) pp. 1701-1719
-------- -------- --- Thank You --- -------- --------


++++ PLEASE READ AND CITE THE FOLLOWING REFERENCE ++++
E. Lindahl and B. Hess and D. van der Spoel
GROMACS 3.0: A package for molecular simulation and trajectory analysis
J. Mol. Mod. 7 (2001) pp. 306-317
-------- -------- --- Thank You --- -------- --------


++++ PLEASE READ AND CITE THE FOLLOWING REFERENCE ++++
H. J. C. Berendsen, D. van der Spoel and R. van Drunen
GROMACS: A message-passing parallel molecular dynamics implementation
Comp. Phys. Comm. 91 (1995) pp. 43-56
-------- -------- --- Thank You --- -------- --------

Changing nstlist from 10 to 20, rlist from 1 to 1.028

Input Parameters:
   integrator                     = md
   tinit                          = 0
   dt                             = 0.002
   nsteps                         = 50
   init-step                      = 0
   simulation-part                = 1
   comm-mode                      = Linear
   nstcomm                        = 100
   bd-fric                        = 0
   ld-seed                        = 2201476826
   emtol                          = 10
   emstep                         = 0.01
   niter                          = 20
   fcstep                         = 0
   nstcgsteep                     = 1000
   nbfgscorr                      = 10
   rtpi                           = 0.05
   nstxout                        = 0
   nstvout                        = 0
   nstfout                        = 1000
   nstlog                         = 500
   nstcalcenergy                  = 100
   nstenergy                      = 0
   nstxout-compressed             = 100
   compressed-x-precision         = 1000
   cutoff-scheme                  = Verlet
   nstlist                        = 20
   ns-type                        = Grid
   pbc                            = xyz
   periodic-molecules             = FALSE
   verlet-buffer-tolerance        = 0.005
   rlist                          = 1.028
   rlistlong                      = 1.028
   nstcalclr                      = 10
   coulombtype                    = PME
   coulomb-modifier               = Potential-shift
   rcoulomb-switch                = 0
   rcoulomb                       = 1
   epsilon-r                      = 1
   epsilon-rf                     = inf
   vdw-type                       = Cut-off
   vdw-modifier                   = Potential-shift
   rvdw-switch                    = 0
   rvdw                           = 1
   DispCorr                       = EnerPres
   table-extension                = 1
   fourierspacing                 = 0.16
   fourier-nx                     = 56
   fourier-ny                     = 56
   fourier-nz                     = 56
   pme-order                      = 4
   ewald-rtol                     = 1e-05
   ewald-rtol-lj                  = 0.001
   lj-pme-comb-rule               = Geometric
   ewald-geometry                 = 0
   epsilon-surface                = 0
   implicit-solvent               = No
   gb-algorithm                   = Still
   nstgbradii                     = 1
   rgbradii                       = 1
   gb-epsilon-solvent             = 80
   gb-saltconc                    = 0
   gb-obc-alpha                   = 1
   gb-obc-beta                    = 0.8
   gb-obc-gamma                   = 4.85
   gb-dielectric-offset           = 0.009
   sa-algorithm                   = Ace-approximation
   sa-surface-tension             = 2.05016
   tcoupl                         = V-rescale
   nsttcouple                     = 10
   nh-chain-length                = 0
   print-nose-hoover-chain-variables = FALSE
   pcoupl                         = Parrinello-Rahman
   pcoupltype                     = Isotropic
   nstpcouple                     = 10
   tau-p                          = 2
   compressibility (3x3):
      compressibility[    0]={ 4.50000e-05,  0.00000e+00,  0.00000e+00}
      compressibility[    1]={ 0.00000e+00,  4.50000e-05,  0.00000e+00}
      compressibility[    2]={ 0.00000e+00,  0.00000e+00,  4.50000e-05}
   ref-p (3x3):
      ref-p[    0]={ 1.00000e+00,  0.00000e+00,  0.00000e+00}
      ref-p[    1]={ 0.00000e+00,  1.00000e+00,  0.00000e+00}
      ref-p[    2]={ 0.00000e+00,  0.00000e+00,  1.00000e+00}
   refcoord-scaling               = COM
   posres-com (3):
      posres-com[0]= 4.99351e-01
      posres-com[1]= 4.98243e-01
      posres-com[2]= 5.02785e-01
   posres-comB (3):
      posres-comB[0]= 4.99351e-01
      posres-comB[1]= 4.98243e-01
      posres-comB[2]= 5.02785e-01
   QMMM                           = FALSE
   QMconstraints                  = 0
   QMMMscheme                     = 0
   MMChargeScaleFactor            = 1
qm-opts:
   ngQM                           = 0
   constraint-algorithm           = Lincs
   continuation                   = TRUE
   Shake-SOR                      = FALSE
   shake-tol                      = 0.0001
   lincs-order                    = 4
   lincs-iter                     = 1
   lincs-warnangle                = 30
   nwall                          = 0
   wall-type                      = 9-3
   wall-r-linpot                  = -1
   wall-atomtype[0]               = -1
   wall-atomtype[1]               = -1
   wall-density[0]                = 0
   wall-density[1]                = 0
   wall-ewald-zfac                = 3
   pull                           = FALSE
   rotation                       = FALSE
   interactiveMD                  = FALSE
   disre                          = No
   disre-weighting                = Conservative
   disre-mixed                    = FALSE
   dr-fc                          = 1000
   dr-tau                         = 0
   nstdisreout                    = 100
   orire-fc                       = 0
   orire-tau                      = 0
   nstorireout                    = 100
   free-energy                    = no
   cos-acceleration               = 0
   deform (3x3):
      deform[    0]={ 0.00000e+00,  0.00000e+00,  0.00000e+00}
      deform[    1]={ 0.00000e+00,  0.00000e+00,  0.00000e+00}
      deform[    2]={ 0.00000e+00,  0.00000e+00,  0.00000e+00}
   simulated-tempering            = FALSE
   E-x:
      n = 0
   E-xt:
      n = 0
   E-y:
      n = 0
   E-yt:
      n = 0
   E-z:
      n = 0
   E-zt:
      n = 0
   swapcoords                     = no
   adress                         = FALSE
   userint1                       = 0
   userint2                       = 0
   userint3                       = 0
   userint4                       = 0
   userreal1                      = 0
   userreal2                      = 0
   userreal3                      = 0
   userreal4                      = 0
grpopts:
   nrdf:     4525.88      109971
   ref-t:         300         300
   tau-t:         0.1         0.1
annealing:          No          No
annealing-npoints:           0           0
   acc:	           0           0           0
   nfreeze:           N           N           N
   energygrp-flags[  0]: 0

Using 1 MPI process
Using 8 OpenMP threads 

Will do PME sum in reciprocal space for electrostatic interactions.

++++ PLEASE READ AND CITE THE FOLLOWING REFERENCE ++++
U. Essmann, L. Perera, M. L. Berkowitz, T. Darden, H. Lee and L. G. Pedersen 
A smooth particle mesh Ewald method
J. Chem. Phys. 103 (1995) pp. 8577-8592
-------- -------- --- Thank You --- -------- --------

Will do ordinary reciprocal space Ewald sum.
Using a Gaussian width (1/beta) of 0.320163 nm for Ewald
Cut-off's:   NS: 1.028   Coulomb: 1   LJ: 1
Long Range LJ corr.: <C6> 2.9433e-04
System total charge: 0.000
Generated table with 1013 data points for Ewald.
Tabscale = 500 points/nm
Generated table with 1013 data points for LJ6.
Tabscale = 500 points/nm
Generated table with 1013 data points for LJ12.
Tabscale = 500 points/nm
Generated table with 1013 data points for 1-4 COUL.
Tabscale = 500 points/nm
Generated table with 1013 data points for 1-4 LJ6.
Tabscale = 500 points/nm
Generated table with 1013 data points for 1-4 LJ12.
Tabscale = 500 points/nm
Potential shift: LJ r^-12: -1.000e+00 r^-6: -1.000e+00, Ewald -1.000e-05
Initialized non-bonded Ewald correction tables, spacing: 9.33e-04 size: 1073


Using AVX2_256 4x8 non-bonded kernels

Using Lorentz-Berthelot Lennard-Jones combination rule

Pinning threads with an auto-selected logical core stride of 1

Initializing LINear Constraint Solver

++++ PLEASE READ AND CITE THE FOLLOWING REFERENCE ++++
B. Hess and H. Bekker and H. J. C. Berendsen and J. G. E. M. Fraaije
LINCS: A Linear Constraint Solver for molecular simulations
J. Comp. Chem. 18 (1997) pp. 1463-1472
-------- -------- --- Thank You --- -------- --------

The number of constraints is 2308

++++ PLEASE READ AND CITE THE FOLLOWING REFERENCE ++++
S. Miyamoto and P. A. Kollman
SETTLE: An Analytical Version of the SHAKE and RATTLE Algorithms for Rigid
Water Models
J. Comp. Chem. 13 (1992) pp. 952-962
-------- -------- --- Thank You --- -------- --------

Center of mass motion removal mode is Linear
We have the following groups for center of mass motion removal:
  0:  rest

++++ PLEASE READ AND CITE THE FOLLOWING REFERENCE ++++
G. Bussi, D. Donadio and M. Parrinello
Canonical sampling through velocity rescaling
J. Chem. Phys. 126 (2007) pp. 014101
-------- -------- --- Thank You --- -------- --------

There are: 57265 Atoms
Initial temperature: 299.754 K

PLUMED: PLUMED is starting
PLUMED: Version: 2.3.0-dev (git: v2.2b-157-ga9a0c71-dirty) compiled on Jul 20 2017 at 14:06:43
PLUMED: Please cite this paper when using PLUMED [1]
PLUMED: For further information see the PLUMED web page at http://www.plumed-code.org
PLUMED: Molecular dynamics engine: gromacs
PLUMED: Precision of reals: 4
PLUMED: Running over 1 node
PLUMED: Number of threads: 1
PLUMED: Cache line size: 512
PLUMED: Number of atoms: 57265
PLUMED: File suffix: 
PLUMED: FILE: plumed.dat
PLUMED: Action JEDI
PLUMED:   with label je
PLUMED:   using periodic boundary conditions
PLUMED: Action PRINT
PLUMED:   with label @1
PLUMED:   with stride 100
PLUMED:   with arguments je
PLUMED:   on file COLVAR
PLUMED:   with format  %f
PLUMED: END FILE: plumed.dat
PLUMED: Timestep: 0.002000
PLUMED: KbT: 2.494339
PLUMED: Relevant bibliography:
PLUMED:   [1] Tribello, Bonomi, Branduardi, Camilloni, and Bussi, Comput. Phys. Commun. 185, 604 (2014)
PLUMED: Please read and cite where appropriate!
PLUMED: Finished setup
Started mdrun on rank 0 Tue Nov 28 14:56:27 2017
           Step           Time         Lambda
              0        0.00000        0.00000

   Energies (kJ/mol)
          Angle    Proper Dih.  Improper Dih.          LJ-14     Coulomb-14
    4.65702e+03    6.13990e+03    3.47045e+02    2.49847e+03    1.39704e+04
        LJ (SR)  Disper. corr.   Coulomb (SR)   Coul. recip. Position Rest.
    1.08727e+05   -6.91281e+03   -8.88424e+05    5.12974e+03    7.10543e-11
      Potential    Kinetic En.   Total Energy    Temperature Pres. DC (bar)
   -7.53867e+05    1.43397e+05   -6.10470e+05    3.01260e+02   -1.96747e+02
 Pressure (bar)   Constr. rmsd
   -3.65059e+02    3.16412e-05

           Step           Time         Lambda
             50        0.10000        0.00000

Writing checkpoint, step 50 at Tue Nov 28 14:56:27 2017


   Energies (kJ/mol)
          Angle    Proper Dih.  Improper Dih.          LJ-14     Coulomb-14
    4.83729e+03    6.07367e+03    3.19969e+02    2.41851e+03    1.37379e+04
        LJ (SR)  Disper. corr.   Coulomb (SR)   Coul. recip. Position Rest.
    1.10986e+05   -6.91769e+03   -8.90381e+05    5.21152e+03    5.06941e+02
      Potential    Kinetic En.   Total Energy    Temperature Pres. DC (bar)
   -7.53206e+05    1.42981e+05   -6.10226e+05    3.00386e+02   -1.97024e+02
 Pressure (bar)   Constr. rmsd
   -1.26931e+02    2.95884e-05

	<======  ###############  ==>
	<====  A V E R A G E S  ====>
	<==  ###############  ======>

	Statistics over 51 steps using 2 frames

   Energies (kJ/mol)
          Angle    Proper Dih.  Improper Dih.          LJ-14     Coulomb-14
    4.74716e+03    6.10679e+03    3.33507e+02    2.45849e+03    1.38541e+04
        LJ (SR)  Disper. corr.   Coulomb (SR)   Coul. recip. Position Rest.
    1.09857e+05   -6.91525e+03   -8.89402e+05    5.17063e+03    2.53471e+02
      Potential    Kinetic En.   Total Energy    Temperature Pres. DC (bar)
   -7.53537e+05    1.43189e+05   -6.10348e+05    3.00823e+02   -1.96885e+02
 Pressure (bar)   Constr. rmsd
   -2.45995e+02    0.00000e+00

          Box-X          Box-Y          Box-Z
    8.35842e+00    8.35842e+00    8.35842e+00

   Total Virial (kJ/mol)
    5.22328e+04    4.41325e+02    1.44058e+03
    4.58318e+02    5.13552e+04    2.87519e+02
    1.42726e+03    2.64763e+02    5.25791e+04

   Pressure (bar)
   -2.55859e+02   -2.08659e+01   -6.58607e+01
   -2.18324e+01   -2.03852e+02   -2.26998e+01
   -6.51032e+01   -2.14053e+01   -2.78274e+02

      T-Protein  T-non-Protein
    3.04075e+02    3.00689e+02


	M E G A - F L O P S   A C C O U N T I N G

 NB=Group-cutoff nonbonded kernels    NxN=N-by-N cluster Verlet kernels
 RF=Reaction-Field  VdW=Van der Waals  QSTab=quadratic-spline table
 W3=SPC/TIP3p  W4=TIP4p (single or pairs)
 V&F=Potential and force  V=Potential only  F=Force only

 Computing:                               M-Number         M-Flops  % Flops
-----------------------------------------------------------------------------
 Pair Search distance check              64.796586         583.169     0.6
 NxN Ewald Elec. + LJ [F]               696.286784       45954.928    48.6
 NxN Ewald Elec. + LJ [V&F]              28.405856        3039.427     3.2
 NxN Ewald Elec. [F]                    624.340544       38084.773    40.2
 NxN Ewald Elec. [V&F]                   25.519680        2143.653     2.3
 1,4 nonbonded interactions               0.308499          27.765     0.0
 Calc Weights                             8.761545         315.416     0.3
 Spread Q Bspline                       186.912960         373.826     0.4
 Gather F Bspline                       186.912960        1121.478     1.2
 3D-FFT                                 312.078486        2496.628     2.6
 Solve PME                                0.159936          10.236     0.0
 Shift-X                                  0.171795           1.031     0.0
 Angles                                   0.213078          35.797     0.0
 Propers                                  0.330990          75.797     0.1
 Impropers                                0.023868           4.965     0.0
 Pos. Restr.                              0.058242           2.912     0.0
 Virial                                   0.343860           6.189     0.0
 Stop-CM                                  0.057265           0.573     0.0
 Calc-Ekin                                0.687180          18.554     0.0
 Lincs                                    0.117708           7.062     0.0
 Lincs-Mat                                2.556936          10.228     0.0
 Constraint-V                             3.039753          24.318     0.0
 Constraint-Vir                           0.343770           8.250     0.0
 Settle                                   0.934779         301.934     0.3
-----------------------------------------------------------------------------
 Total                                                   94648.907   100.0
-----------------------------------------------------------------------------


     R E A L   C Y C L E   A N D   T I M E   A C C O U N T I N G

On 1 MPI rank, each using 8 OpenMP threads

 Computing:          Num   Num      Call    Wall time         Giga-Cycles
                     Ranks Threads  Count      (s)         total sum    %
-----------------------------------------------------------------------------
 Neighbor search        1    8          3       0.041          1.144   3.9
 Force                  1    8         51       0.487         13.607  46.7
 PME mesh               1    8         51       0.124          3.478  11.9
 NB X/F buffer ops.     1    8         99       0.009          0.256   0.9
 Write traj.            1    8          2       0.315          8.802  30.2
 Update                 1    8         51       0.024          0.683   2.3
 Constraints            1    8         51       0.028          0.772   2.6
 Rest                                           0.014          0.394   1.4
-----------------------------------------------------------------------------
 Total                                          1.043         29.135 100.0
-----------------------------------------------------------------------------
 Breakdown of PME mesh computation
-----------------------------------------------------------------------------
 PME spread/gather      1    8        102       0.091          2.555   8.8
 PME 3D-FFT             1    8        102       0.029          0.806   2.8
 PME solve Elec         1    8         51       0.004          0.108   0.4
-----------------------------------------------------------------------------

               Core t (s)   Wall t (s)        (%)
       Time:        6.572        1.043      630.2
                 (ns/day)    (hour/ns)
Performance:        8.451        2.840
Finished mdrun on rank 0 Tue Nov 28 14:56:28 2017
PLUMED:                                               Cycles        Total      Average      Minumum      Maximum
PLUMED:                                                    1     0.018927     0.018927     0.018927     0.018927
PLUMED: 1 Prepare dependencies                            51     0.000098     0.000002     0.000001     0.000004
PLUMED: 2 Sharing data                                     1     0.000359     0.000359     0.000359     0.000359
PLUMED: 3 Waiting for data                                 1     0.000006     0.000006     0.000006     0.000006
PLUMED: 4 Calculating (forward loop)                       1     0.009389     0.009389     0.009389     0.009389
PLUMED: 5 Applying (backward loop)                         1     0.000302     0.000302     0.000302     0.000302
